<?xml version="1.0" encoding="UTF-8"?>
<testng-results ignored="0" total="1" passed="1" failed="0" skipped="0">
  <reporter-output>
  </reporter-output>
  <suite started-at="2023-09-16T06:45:33 EET" name="Surefire suite" finished-at="2023-09-16T06:45:45 EET" duration-ms="12993">
    <groups>
      <group name="cucumber">
        <method signature="AbstractTestNGCucumberTests.runScenario(io.cucumber.testng.PickleWrapper,io.cucumber.testng.FeatureWrapper)[pri:0, instance:org.example.TestRunner.runners@15b204a1]" name="runScenario" class="io.cucumber.testng.AbstractTestNGCucumberTests"/>
      </group> <!-- cucumber -->
    </groups>
    <test started-at="2023-09-16T06:45:33 EET" name="Surefire test" finished-at="2023-09-16T06:45:45 EET" duration-ms="12993">
      <class name="org.example.TestRunner.runners">
        <test-method is-config="true" signature="setUpClass(org.testng.ITestContext)[pri:0, instance:org.example.TestRunner.runners@15b204a1]" started-at="2023-09-16T06:45:33 EET" name="setUpClass" finished-at="2023-09-16T06:45:33 EET" duration-ms="477" status="PASS">
          <params>
            <param index="0">
              <value>
                <![CDATA[org.testng.TestRunner@7a81065e]]>
              </value>
            </param>
          </params>
          <reporter-output>
          </reporter-output>
        </test-method> <!-- setUpClass -->
        <test-method signature="runScenario(io.cucumber.testng.PickleWrapper,io.cucumber.testng.FeatureWrapper)[pri:0, instance:org.example.TestRunner.runners@15b204a1]" started-at="2023-09-16T06:45:33 EET" name="runScenario" description="Runs Cucumber Scenarios" data-provider="scenarios" finished-at="2023-09-16T06:45:45 EET" duration-ms="12394" status="PASS">
          <params>
            <param index="0">
              <value>
                <![CDATA["check this scenario with inValid data"]]>
              </value>
            </param>
            <param index="1">
              <value>
                <![CDATA["Test funcationality of login"]]>
              </value>
            </param>
          </params>
          <reporter-output>
          </reporter-output>
        </test-method> <!-- runScenario -->
        <test-method is-config="true" signature="tearDownClass()[pri:0, instance:org.example.TestRunner.runners@15b204a1]" started-at="2023-09-16T06:45:45 EET" name="tearDownClass" finished-at="2023-09-16T06:45:45 EET" duration-ms="73" status="PASS">
          <reporter-output>
          </reporter-output>
        </test-method> <!-- tearDownClass -->
      </class> <!-- org.example.TestRunner.runners -->
    </test> <!-- Surefire test -->
  </suite> <!-- Surefire suite -->
</testng-results>
